<?xml version="1.0" encoding="UTF-8"?>
<!-- Generated by org.testng.reporters.JUnitReportReporter -->
<testsuite hostname="LAPTOP-F7OMCQ2C" name="com.qa.test.LoginTest" tests="6" failures="0" timestamp="25 Nov 2019 11:35:47 GMT" time="35.305" errors="0">
  <testcase name="Checkpwderrormsg" time="6.200" classname="com.qa.test.LoginTest"/>
  <testcase name="Checkstayloginbtn" time="5.308" classname="com.qa.test.LoginTest"/>
  <testcase name="CheckValidLogin" time="6.177" classname="com.qa.test.LoginTest"/>
  <testcase name="Checkinvalidlogin" time="6.809" classname="com.qa.test.LoginTest"/>
  <testcase name="CheckTitle" time="5.026" classname="com.qa.test.LoginTest"/>
  <testcase name="validatechecklogoimg" time="5.785" classname="com.qa.test.LoginTest"/>
</testsuite> <!-- com.qa.test.LoginTest -->
