<?xml version="1.0" encoding="UTF-8"?>
<!-- Generated by org.testng.reporters.JUnitReportReporter -->
<testsuite hostname="LAPTOP-F7OMCQ2C" name="com.qa.test.OrderTest" tests="9" failures="0" timestamp="25 Nov 2019 11:35:47 GMT" time="138.614" errors="0">
  <testcase name="validateclickonorder" time="14.106" classname="com.qa.test.OrderTest"/>
  <testcase name="validateclickonordermsgs" time="13.615" classname="com.qa.test.OrderTest"/>
  <testcase name="validateclickondeliveryslips" time="14.167" classname="com.qa.test.OrderTest"/>
  <testcase name="validateclickoninvoices" time="16.072" classname="com.qa.test.OrderTest"/>
  <testcase name="validateclickonmerchandisereturns" time="13.102" classname="com.qa.test.OrderTest"/>
  <testcase name="validatecreatenewcustomer" time="25.309" classname="com.qa.test.OrderTest"/>
  <testcase name="validateclickonstatuses" time="12.673" classname="com.qa.test.OrderTest"/>
  <testcase name="validatecreatenewcustomer" time="16.746" classname="com.qa.test.OrderTest"/>
  <testcase name="validateclickoncreditslips" time="12.824" classname="com.qa.test.OrderTest"/>
</testsuite> <!-- com.qa.test.OrderTest -->
