<?xml version="1.0" encoding="UTF-8"?>
<!-- Generated by org.testng.reporters.JUnitReportReporter -->
<testsuite hostname="LAPTOP-F7OMCQ2C" name="com.qa.report.ExtentReportTest" tests="12" failures="0" timestamp="17 Nov 2019 05:44:35 GMT" time="0.020" errors="0">
  <testcase name="testCase8" time="0.001" classname="com.qa.report.ExtentReportTest"/>
  <testcase name="testCase1" time="0.008" classname="com.qa.report.ExtentReportTest"/>
  <testcase name="testCase10" time="0.001" classname="com.qa.report.ExtentReportTest"/>
  <testcase name="testCase4" time="0.001" classname="com.qa.report.ExtentReportTest"/>
  <testcase name="testCase2" time="0.000" classname="com.qa.report.ExtentReportTest"/>
  <testcase name="testCase7" time="0.004" classname="com.qa.report.ExtentReportTest"/>
  <testcase name="testCase6" time="0.000" classname="com.qa.report.ExtentReportTest"/>
  <testcase name="testCase3" time="0.001" classname="com.qa.report.ExtentReportTest"/>
  <testcase name="testCase5" time="0.000" classname="com.qa.report.ExtentReportTest"/>
  <testcase name="testCase11" time="0.002" classname="com.qa.report.ExtentReportTest"/>
  <testcase name="validateCheckTitle" time="0.001" classname="com.qa.report.ExtentReportTest"/>
  <testcase name="testCase9" time="0.001" classname="com.qa.report.ExtentReportTest"/>
</testsuite> <!-- com.qa.report.ExtentReportTest -->
