<?xml version="1.0" encoding="UTF-8"?>
<!-- Generated by org.testng.reporters.JUnitReportReporter -->
<testsuite hostname="LAPTOP-F7OMCQ2C" name="com.qa.test.PriceRulesTest" tests="1" failures="0" timestamp="15 Nov 2019 08:11:10 GMT" time="11.429" errors="0">
  <testcase name="PriceTest" time="11.429" classname="com.qa.test.PriceRulesTest"/>
</testsuite> <!-- com.qa.test.PriceRulesTest -->
