<?xml version="1.0" encoding="UTF-8"?>
<!-- Generated by org.testng.reporters.JUnitReportReporter -->
<testsuite skipped="0" hostname="LAPTOP-F7OMCQ2C" name="com.qa.test.OrderTest" tests="9" failures="0" timestamp="2019-11-26T17:16:00 IST" time="174.084" errors="0">
  <testcase name="validateclickonorder" time="13.858" classname="com.qa.test.OrderTest"/>
  <testcase name="validateclickoninvoices" time="13.718" classname="com.qa.test.OrderTest"/>
  <testcase name="validateclickonmerchandisereturns" time="14.343" classname="com.qa.test.OrderTest"/>
  <testcase name="validateclickondeliveryslips" time="11.129" classname="com.qa.test.OrderTest"/>
  <testcase name="validateclickoncreditslips" time="14.206" classname="com.qa.test.OrderTest"/>
  <testcase name="validateclickonstatuses" time="19.668" classname="com.qa.test.OrderTest"/>
  <testcase name="validateclickonordermsgs" time="20.675" classname="com.qa.test.OrderTest"/>
  <testcase name="validatecreatenewcustomer" time="31.594" classname="com.qa.test.OrderTest"/>
  <testcase name="validatecreatenewcustomer" time="34.893" classname="com.qa.test.OrderTest"/>
</testsuite> <!-- com.qa.test.OrderTest -->
