<?xml version="1.0" encoding="UTF-8"?>
<!-- Generated by org.testng.reporters.JUnitReportReporter -->
<testsuite skipped="0" hostname="LAPTOP-F7OMCQ2C" name="com.qa.test.LoginTest" tests="6" failures="0" timestamp="2019-11-26T18:38:18 IST" time="31.693" errors="0">
  <testcase name="CheckValidLogin" time="5.351" classname="com.qa.test.LoginTest"/>
  <testcase name="CheckTitle" time="6.125" classname="com.qa.test.LoginTest"/>
  <testcase name="validatechecklogoimg" time="4.577" classname="com.qa.test.LoginTest"/>
  <testcase name="Checkinvalidlogin" time="5.560" classname="com.qa.test.LoginTest"/>
  <testcase name="Checkpwderrormsg" time="5.075" classname="com.qa.test.LoginTest"/>
  <testcase name="Checkstayloginbtn" time="5.005" classname="com.qa.test.LoginTest"/>
</testsuite> <!-- com.qa.test.LoginTest -->
